0 info it worked if it ends with ok
1 verbose cli [ 'C:\\Users\\Admin\\AppData\\Local\\.meteor\\packages\\meteor-tool\\1.4.2_3\\mt-os.windows.x86_32\\dev_bundle\\bin\\node.exe',
1 verbose cli   'C:\\Users\\Admin\\AppData\\Local\\.meteor\\packages\\meteor-tool\\1.4.2_3\\mt-os.windows.x86_32\\dev_bundle\\lib\\node_modules\\npm\\bin\\npm-cli.js',
1 verbose cli   'install' ]
2 info using npm@3.10.9
3 info using node@v4.6.2
4 silly loadCurrentTree Starting
5 silly install loadCurrentTree
6 silly install readLocalPackageData
7 silly install normalizeTree
8 silly loadCurrentTree Finishing
9 silly loadIdealTree Starting
10 silly install loadIdealTree
11 silly cloneCurrentTree Starting
12 silly install cloneCurrentTreeToIdealTree
13 silly cloneCurrentTree Finishing
14 silly loadShrinkwrap Starting
15 silly install loadShrinkwrap
16 silly loadShrinkwrap Finishing
17 silly loadAllDepsIntoIdealTree Starting
18 silly install loadAllDepsIntoIdealTree
19 silly fetchNamedPackageData bcrypt
20 silly mapToRegistry name bcrypt
21 silly mapToRegistry using default registry
22 silly mapToRegistry registry https://registry.npmjs.org/
23 silly mapToRegistry data Result {
23 silly mapToRegistry   raw: 'bcrypt',
23 silly mapToRegistry   scope: null,
23 silly mapToRegistry   escapedName: 'bcrypt',
23 silly mapToRegistry   name: 'bcrypt',
23 silly mapToRegistry   rawSpec: '',
23 silly mapToRegistry   spec: 'latest',
23 silly mapToRegistry   type: 'tag' }
24 silly mapToRegistry uri https://registry.npmjs.org/bcrypt
25 verbose request uri https://registry.npmjs.org/bcrypt
26 verbose request no auth needed
27 info attempt registry request try #1 at 14:37:54
28 verbose request id 7e8b171450a204c5
29 verbose etag W/"0190ef4ac6d829a24e077b1c1eb79760"
30 verbose lastModified Sat, 20 Nov 2021 12:48:57 GMT
31 http request GET https://registry.npmjs.org/bcrypt
32 http 304 https://registry.npmjs.org/bcrypt
33 verbose headers { date: 'Tue, 01 Mar 2022 13:37:58 GMT',
33 verbose headers   connection: 'keep-alive',
33 verbose headers   'cf-ray': '6e524a505d6283a6-MXP',
33 verbose headers   'cache-control': 'public, max-age=300',
33 verbose headers   etag: '"0190ef4ac6d829a24e077b1c1eb79760"',
33 verbose headers   'last-modified': 'Sat, 20 Nov 2021 12:48:57 GMT',
33 verbose headers   vary: 'Accept-Encoding',
33 verbose headers   'cf-cache-status': 'REVALIDATED',
33 verbose headers   'expect-ct': 'max-age=604800, report-uri="https://report-uri.cloudflare.com/cdn-cgi/beacon/expect-ct"',
33 verbose headers   'x-amz-replication-status': 'COMPLETED',
33 verbose headers   server: 'cloudflare' }
34 silly get cb [ 304,
34 silly get   { date: 'Tue, 01 Mar 2022 13:37:58 GMT',
34 silly get     connection: 'keep-alive',
34 silly get     'cf-ray': '6e524a505d6283a6-MXP',
34 silly get     'cache-control': 'public, max-age=300',
34 silly get     etag: '"0190ef4ac6d829a24e077b1c1eb79760"',
34 silly get     'last-modified': 'Sat, 20 Nov 2021 12:48:57 GMT',
34 silly get     vary: 'Accept-Encoding',
34 silly get     'cf-cache-status': 'REVALIDATED',
34 silly get     'expect-ct': 'max-age=604800, report-uri="https://report-uri.cloudflare.com/cdn-cgi/beacon/expect-ct"',
34 silly get     'x-amz-replication-status': 'COMPLETED',
34 silly get     server: 'cloudflare' } ]
35 verbose etag https://registry.npmjs.org/bcrypt from cache
36 verbose get saving bcrypt to C:\Users\Admin\AppData\Roaming\npm-cache\registry.npmjs.org\bcrypt\.cache.json
37 verbose correctMkdir C:\Users\Admin\AppData\Roaming\npm-cache correctMkdir not in flight; initializing
38 silly resolveWithNewModule bcrypt@0.8.7 checking installable status
39 silly cache add args [ 'bcrypt@^0.8.7', null ]
40 verbose cache add spec bcrypt@^0.8.7
41 silly cache add parsed spec Result {
41 silly cache add   raw: 'bcrypt@^0.8.7',
41 silly cache add   scope: null,
41 silly cache add   escapedName: 'bcrypt',
41 silly cache add   name: 'bcrypt',
41 silly cache add   rawSpec: '^0.8.7',
41 silly cache add   spec: '>=0.8.7 <0.9.0',
41 silly cache add   type: 'range' }
42 silly addNamed bcrypt@>=0.8.7 <0.9.0
43 verbose addNamed ">=0.8.7 <0.9.0" is a valid semver range for bcrypt
44 silly addNameRange { name: 'bcrypt', range: '>=0.8.7 <0.9.0', hasData: false }
45 silly mapToRegistry name bcrypt
46 silly mapToRegistry using default registry
47 silly mapToRegistry registry https://registry.npmjs.org/
48 silly mapToRegistry data Result {
48 silly mapToRegistry   raw: 'bcrypt',
48 silly mapToRegistry   scope: null,
48 silly mapToRegistry   escapedName: 'bcrypt',
48 silly mapToRegistry   name: 'bcrypt',
48 silly mapToRegistry   rawSpec: '',
48 silly mapToRegistry   spec: 'latest',
48 silly mapToRegistry   type: 'tag' }
49 silly mapToRegistry uri https://registry.npmjs.org/bcrypt
50 verbose addNameRange registry:https://registry.npmjs.org/bcrypt not in flight; fetching
51 verbose get https://registry.npmjs.org/bcrypt not expired, no request
52 silly addNameRange number 2 { name: 'bcrypt', range: '>=0.8.7 <0.9.0', hasData: true }
53 silly addNameRange versions [ 'bcrypt',
53 silly addNameRange   [ '0.1.2',
53 silly addNameRange     '0.2.0',
53 silly addNameRange     '0.2.1',
53 silly addNameRange     '0.1.3',
53 silly addNameRange     '0.2.2',
53 silly addNameRange     '0.2.3',
53 silly addNameRange     '0.2.4',
53 silly addNameRange     '0.3.0',
53 silly addNameRange     '0.3.1',
53 silly addNameRange     '0.3.2',
53 silly addNameRange     '0.4.0',
53 silly addNameRange     '0.4.1',
53 silly addNameRange     '0.5.0',
53 silly addNameRange     '0.6.0',
53 silly addNameRange     '0.7.0',
53 silly addNameRange     '0.7.1',
53 silly addNameRange     '0.7.2',
53 silly addNameRange     '0.7.3',
53 silly addNameRange     '0.7.4',
53 silly addNameRange     '0.7.5',
53 silly addNameRange     '0.7.6',
53 silly addNameRange     '0.7.7',
53 silly addNameRange     '0.7.8',
53 silly addNameRange     '0.8.0',
53 silly addNameRange     '0.8.1',
53 silly addNameRange     '0.8.2',
53 silly addNameRange     '0.8.3',
53 silly addNameRange     '0.8.4',
53 silly addNameRange     '0.8.5',
53 silly addNameRange     '0.8.6',
53 silly addNameRange     '0.8.7',
53 silly addNameRange     '1.0.0',
53 silly addNameRange     '1.0.1',
53 silly addNameRange     '1.0.2',
53 silly addNameRange     '1.0.3',
53 silly addNameRange     '1.1.0-napi',
53 silly addNameRange     '2.0.0',
53 silly addNameRange     '2.0.1',
53 silly addNameRange     '3.0.0',
53 silly addNameRange     '3.0.1',
53 silly addNameRange     '3.0.2',
53 silly addNameRange     '3.0.3',
53 silly addNameRange     '3.0.4',
53 silly addNameRange     '3.0.4-napi',
53 silly addNameRange     '3.0.5',
53 silly addNameRange     '3.0.6',
53 silly addNameRange     '3.0.7',
53 silly addNameRange     '3.0.8',
53 silly addNameRange     '4.0.0',
53 silly addNameRange     '4.0.1',
53 silly addNameRange     '5.0.0',
53 silly addNameRange     '5.0.1' ] ]
54 silly addNamed bcrypt@0.8.7
55 verbose addNamed "0.8.7" is a plain semver version for bcrypt
56 warn deprecated bcrypt@0.8.7: versions < v5.0.0 do not handle NUL in passwords properly
57 silly cache afterAdd bcrypt@0.8.7
58 verbose afterAdd C:\Users\Admin\AppData\Roaming\npm-cache\bcrypt\0.8.7\package\package.json not in flight; writing
59 verbose correctMkdir C:\Users\Admin\AppData\Roaming\npm-cache correctMkdir not in flight; initializing
60 verbose afterAdd C:\Users\Admin\AppData\Roaming\npm-cache\bcrypt\0.8.7\package\package.json written
61 silly fetchNamedPackageData bindings
62 silly mapToRegistry name bindings
63 silly mapToRegistry using default registry
64 silly mapToRegistry registry https://registry.npmjs.org/
65 silly mapToRegistry data Result {
65 silly mapToRegistry   raw: 'bindings',
65 silly mapToRegistry   scope: null,
65 silly mapToRegistry   escapedName: 'bindings',
65 silly mapToRegistry   name: 'bindings',
65 silly mapToRegistry   rawSpec: '',
65 silly mapToRegistry   spec: 'latest',
65 silly mapToRegistry   type: 'tag' }
66 silly mapToRegistry uri https://registry.npmjs.org/bindings
67 silly fetchNamedPackageData nan
68 silly mapToRegistry name nan
69 silly mapToRegistry using default registry
70 silly mapToRegistry registry https://registry.npmjs.org/
71 silly mapToRegistry data Result {
71 silly mapToRegistry   raw: 'nan',
71 silly mapToRegistry   scope: null,
71 silly mapToRegistry   escapedName: 'nan',
71 silly mapToRegistry   name: 'nan',
71 silly mapToRegistry   rawSpec: '',
71 silly mapToRegistry   spec: 'latest',
71 silly mapToRegistry   type: 'tag' }
72 silly mapToRegistry uri https://registry.npmjs.org/nan
73 verbose request uri https://registry.npmjs.org/bindings
74 verbose request no auth needed
75 info attempt registry request try #1 at 14:37:56
76 verbose etag W/"8dfe34716157e36596b3ba5e5fcfb617"
77 verbose lastModified Wed, 27 Feb 2019 22:54:48 GMT
78 http request GET https://registry.npmjs.org/bindings
79 verbose request uri https://registry.npmjs.org/nan
80 verbose request no auth needed
81 info attempt registry request try #1 at 14:37:56
82 verbose etag W/"9c017dd5a8f9aea67687943f6d813906"
83 verbose lastModified Wed, 04 Aug 2021 16:13:06 GMT
84 http request GET https://registry.npmjs.org/nan
85 http 304 https://registry.npmjs.org/nan
86 verbose headers { date: 'Tue, 01 Mar 2022 13:37:59 GMT',
86 verbose headers   connection: 'keep-alive',
86 verbose headers   'cf-ray': '6e524a5a0e4959f5-MXP',
86 verbose headers   age: '219',
86 verbose headers   'cache-control': 'public, max-age=300',
86 verbose headers   etag: '"9c017dd5a8f9aea67687943f6d813906"',
86 verbose headers   'last-modified': 'Wed, 04 Aug 2021 16:13:06 GMT',
86 verbose headers   vary: 'Accept-Encoding',
86 verbose headers   'cf-cache-status': 'HIT',
86 verbose headers   'expect-ct': 'max-age=604800, report-uri="https://report-uri.cloudflare.com/cdn-cgi/beacon/expect-ct"',
86 verbose headers   'x-amz-replication-status': 'COMPLETED',
86 verbose headers   server: 'cloudflare' }
87 silly get cb [ 304,
87 silly get   { date: 'Tue, 01 Mar 2022 13:37:59 GMT',
87 silly get     connection: 'keep-alive',
87 silly get     'cf-ray': '6e524a5a0e4959f5-MXP',
87 silly get     age: '219',
87 silly get     'cache-control': 'public, max-age=300',
87 silly get     etag: '"9c017dd5a8f9aea67687943f6d813906"',
87 silly get     'last-modified': 'Wed, 04 Aug 2021 16:13:06 GMT',
87 silly get     vary: 'Accept-Encoding',
87 silly get     'cf-cache-status': 'HIT',
87 silly get     'expect-ct': 'max-age=604800, report-uri="https://report-uri.cloudflare.com/cdn-cgi/beacon/expect-ct"',
87 silly get     'x-amz-replication-status': 'COMPLETED',
87 silly get     server: 'cloudflare' } ]
88 verbose etag https://registry.npmjs.org/nan from cache
89 verbose get saving nan to C:\Users\Admin\AppData\Roaming\npm-cache\registry.npmjs.org\nan\.cache.json
90 verbose correctMkdir C:\Users\Admin\AppData\Roaming\npm-cache correctMkdir not in flight; initializing
91 silly resolveWithNewModule nan@2.3.5 checking installable status
92 silly cache add args [ 'nan@2.3.5', null ]
93 verbose cache add spec nan@2.3.5
94 silly cache add parsed spec Result {
94 silly cache add   raw: 'nan@2.3.5',
94 silly cache add   scope: null,
94 silly cache add   escapedName: 'nan',
94 silly cache add   name: 'nan',
94 silly cache add   rawSpec: '2.3.5',
94 silly cache add   spec: '2.3.5',
94 silly cache add   type: 'version' }
95 silly addNamed nan@2.3.5
96 verbose addNamed "2.3.5" is a plain semver version for nan
97 silly mapToRegistry name nan
98 silly mapToRegistry using default registry
99 silly mapToRegistry registry https://registry.npmjs.org/
100 silly mapToRegistry data Result {
100 silly mapToRegistry   raw: 'nan',
100 silly mapToRegistry   scope: null,
100 silly mapToRegistry   escapedName: 'nan',
100 silly mapToRegistry   name: 'nan',
100 silly mapToRegistry   rawSpec: '',
100 silly mapToRegistry   spec: 'latest',
100 silly mapToRegistry   type: 'tag' }
101 silly mapToRegistry uri https://registry.npmjs.org/nan
102 verbose addNameVersion registry:https://registry.npmjs.org/nan not in flight; fetching
103 verbose get https://registry.npmjs.org/nan not expired, no request
104 silly cache afterAdd nan@2.3.5
105 verbose afterAdd C:\Users\Admin\AppData\Roaming\npm-cache\nan\2.3.5\package\package.json not in flight; writing
106 verbose correctMkdir C:\Users\Admin\AppData\Roaming\npm-cache correctMkdir not in flight; initializing
107 verbose afterAdd C:\Users\Admin\AppData\Roaming\npm-cache\nan\2.3.5\package\package.json written
108 http 304 https://registry.npmjs.org/bindings
109 verbose headers { date: 'Tue, 01 Mar 2022 13:37:59 GMT',
109 verbose headers   connection: 'keep-alive',
109 verbose headers   'cf-ray': '6e524a590c3383a6-MXP',
109 verbose headers   'cache-control': 'public, max-age=300',
109 verbose headers   etag: '"8dfe34716157e36596b3ba5e5fcfb617"',
109 verbose headers   'last-modified': 'Wed, 27 Feb 2019 22:54:48 GMT',
109 verbose headers   vary: 'Accept-Encoding',
109 verbose headers   'cf-cache-status': 'REVALIDATED',
109 verbose headers   'expect-ct': 'max-age=604800, report-uri="https://report-uri.cloudflare.com/cdn-cgi/beacon/expect-ct"',
109 verbose headers   server: 'cloudflare' }
110 silly get cb [ 304,
110 silly get   { date: 'Tue, 01 Mar 2022 13:37:59 GMT',
110 silly get     connection: 'keep-alive',
110 silly get     'cf-ray': '6e524a590c3383a6-MXP',
110 silly get     'cache-control': 'public, max-age=300',
110 silly get     etag: '"8dfe34716157e36596b3ba5e5fcfb617"',
110 silly get     'last-modified': 'Wed, 27 Feb 2019 22:54:48 GMT',
110 silly get     vary: 'Accept-Encoding',
110 silly get     'cf-cache-status': 'REVALIDATED',
110 silly get     'expect-ct': 'max-age=604800, report-uri="https://report-uri.cloudflare.com/cdn-cgi/beacon/expect-ct"',
110 silly get     server: 'cloudflare' } ]
111 verbose etag https://registry.npmjs.org/bindings from cache
112 verbose get saving bindings to C:\Users\Admin\AppData\Roaming\npm-cache\registry.npmjs.org\bindings\.cache.json
113 verbose correctMkdir C:\Users\Admin\AppData\Roaming\npm-cache correctMkdir not in flight; initializing
114 silly resolveWithNewModule bindings@1.2.1 checking installable status
115 silly cache add args [ 'bindings@1.2.1', null ]
116 verbose cache add spec bindings@1.2.1
117 silly cache add parsed spec Result {
117 silly cache add   raw: 'bindings@1.2.1',
117 silly cache add   scope: null,
117 silly cache add   escapedName: 'bindings',
117 silly cache add   name: 'bindings',
117 silly cache add   rawSpec: '1.2.1',
117 silly cache add   spec: '1.2.1',
117 silly cache add   type: 'version' }
118 silly addNamed bindings@1.2.1
119 verbose addNamed "1.2.1" is a plain semver version for bindings
120 silly mapToRegistry name bindings
121 silly mapToRegistry using default registry
122 silly mapToRegistry registry https://registry.npmjs.org/
123 silly mapToRegistry data Result {
123 silly mapToRegistry   raw: 'bindings',
123 silly mapToRegistry   scope: null,
123 silly mapToRegistry   escapedName: 'bindings',
123 silly mapToRegistry   name: 'bindings',
123 silly mapToRegistry   rawSpec: '',
123 silly mapToRegistry   spec: 'latest',
123 silly mapToRegistry   type: 'tag' }
124 silly mapToRegistry uri https://registry.npmjs.org/bindings
125 verbose addNameVersion registry:https://registry.npmjs.org/bindings not in flight; fetching
126 verbose get https://registry.npmjs.org/bindings not expired, no request
127 silly cache afterAdd bindings@1.2.1
128 verbose afterAdd C:\Users\Admin\AppData\Roaming\npm-cache\bindings\1.2.1\package\package.json not in flight; writing
129 verbose correctMkdir C:\Users\Admin\AppData\Roaming\npm-cache correctMkdir not in flight; initializing
130 verbose afterAdd C:\Users\Admin\AppData\Roaming\npm-cache\bindings\1.2.1\package\package.json written
131 silly loadAllDepsIntoIdealTree Finishing
132 silly loadIdealTree Finishing
133 silly currentTree week_1_portfolio_website@1.0.0
133 silly currentTree +-- babel-runtime@6.26.0
133 silly currentTree +-- core-js@2.6.12
133 silly currentTree `-- regenerator-runtime@0.11.1
134 silly idealTree week_1_portfolio_website@1.0.0
134 silly idealTree +-- babel-runtime@6.26.0
134 silly idealTree +-- bcrypt@0.8.7
134 silly idealTree +-- bindings@1.2.1
134 silly idealTree +-- core-js@2.6.12
134 silly idealTree +-- nan@2.3.5
134 silly idealTree `-- regenerator-runtime@0.11.1
135 silly generateActionsToTake Starting
136 silly install generateActionsToTake
137 silly generateActionsToTake Finishing
138 silly diffTrees action count 3
139 silly diffTrees add bindings@1.2.1
140 silly diffTrees add nan@2.3.5
141 silly diffTrees add bcrypt@0.8.7
142 silly decomposeActions action count 24
143 silly decomposeActions fetch bindings@1.2.1
144 silly decomposeActions extract bindings@1.2.1
145 silly decomposeActions test bindings@1.2.1
146 silly decomposeActions preinstall bindings@1.2.1
147 silly decomposeActions build bindings@1.2.1
148 silly decomposeActions install bindings@1.2.1
149 silly decomposeActions postinstall bindings@1.2.1
150 silly decomposeActions finalize bindings@1.2.1
151 silly decomposeActions fetch nan@2.3.5
152 silly decomposeActions extract nan@2.3.5
153 silly decomposeActions test nan@2.3.5
154 silly decomposeActions preinstall nan@2.3.5
155 silly decomposeActions build nan@2.3.5
156 silly decomposeActions install nan@2.3.5
157 silly decomposeActions postinstall nan@2.3.5
158 silly decomposeActions finalize nan@2.3.5
159 silly decomposeActions fetch bcrypt@0.8.7
160 silly decomposeActions extract bcrypt@0.8.7
161 silly decomposeActions test bcrypt@0.8.7
162 silly decomposeActions preinstall bcrypt@0.8.7
163 silly decomposeActions build bcrypt@0.8.7
164 silly decomposeActions install bcrypt@0.8.7
165 silly decomposeActions postinstall bcrypt@0.8.7
166 silly decomposeActions finalize bcrypt@0.8.7
167 silly runTopLevelLifecycles Starting
168 silly install runPreinstallTopLevelLifecycles
169 silly preinstall week_1_portfolio_website@1.0.0 C:\Users\Admin\Downloads\Responsive website examples-week1\week_1_responsive website examples coursera course\week_1_portfolio_website-5c35c639
170 info lifecycle week_1_portfolio_website@1.0.0~preinstall: week_1_portfolio_website@1.0.0
171 silly lifecycle week_1_portfolio_website@1.0.0~preinstall: no script for preinstall, continuing
172 silly executeActions Starting
173 silly install executeActions
174 silly doSerial global-install 0
175 silly doParallel fetch 3
176 verbose correctMkdir C:\Users\Admin\AppData\Roaming\npm-cache\_locks correctMkdir not in flight; initializing
177 verbose lock using C:\Users\Admin\AppData\Roaming\npm-cache\_locks\staging-92fded0aec9eec70.lock for C:\Users\Admin\Downloads\Responsive website examples-week1\week_1_responsive website examples coursera course\node_modules\.staging
178 silly doParallel extract 3
179 silly extract bindings@1.2.1
180 silly extract nan@2.3.5
181 silly extract bcrypt@0.8.7
182 verbose unbuild node_modules\.staging\bindings-76031b40
183 silly gentlyRm C:\Users\Admin\Downloads\Responsive website examples-week1\week_1_responsive website examples coursera course\node_modules\.staging\bindings-76031b40 is being purged from base C:\Users\Admin\Downloads\Responsive website examples-week1\week_1_responsive website examples coursera course
184 verbose gentlyRm don't care about contents; nuking C:\Users\Admin\Downloads\Responsive website examples-week1\week_1_responsive website examples coursera course\node_modules\.staging\bindings-76031b40
185 verbose tar unpack C:\Users\Admin\AppData\Roaming\npm-cache\bindings\1.2.1\package.tgz
186 verbose tar unpacking to C:\Users\Admin\Downloads\Responsive website examples-week1\week_1_responsive website examples coursera course\node_modules\.staging\bindings-76031b40
187 silly gentlyRm C:\Users\Admin\Downloads\Responsive website examples-week1\week_1_responsive website examples coursera course\node_modules\.staging\bindings-76031b40 is being purged
188 verbose gentlyRm don't care about contents; nuking C:\Users\Admin\Downloads\Responsive website examples-week1\week_1_responsive website examples coursera course\node_modules\.staging\bindings-76031b40
189 silly gunzTarPerm modes [ '777', '666' ]
190 verbose unbuild node_modules\.staging\nan-a45cf8d3
191 silly gentlyRm C:\Users\Admin\Downloads\Responsive website examples-week1\week_1_responsive website examples coursera course\node_modules\.staging\nan-a45cf8d3 is being purged from base C:\Users\Admin\Downloads\Responsive website examples-week1\week_1_responsive website examples coursera course
192 verbose gentlyRm don't care about contents; nuking C:\Users\Admin\Downloads\Responsive website examples-week1\week_1_responsive website examples coursera course\node_modules\.staging\nan-a45cf8d3
193 verbose tar unpack C:\Users\Admin\AppData\Roaming\npm-cache\nan\2.3.5\package.tgz
194 verbose tar unpacking to C:\Users\Admin\Downloads\Responsive website examples-week1\week_1_responsive website examples coursera course\node_modules\.staging\nan-a45cf8d3
195 silly gentlyRm C:\Users\Admin\Downloads\Responsive website examples-week1\week_1_responsive website examples coursera course\node_modules\.staging\nan-a45cf8d3 is being purged
196 verbose gentlyRm don't care about contents; nuking C:\Users\Admin\Downloads\Responsive website examples-week1\week_1_responsive website examples coursera course\node_modules\.staging\nan-a45cf8d3
197 verbose unbuild node_modules\.staging\bcrypt-2f761693
198 silly gunzTarPerm modes [ '777', '666' ]
199 silly gunzTarPerm extractEntry package.json
200 silly gunzTarPerm modified mode [ 'package.json', 420, 438 ]
201 silly gentlyRm C:\Users\Admin\Downloads\Responsive website examples-week1\week_1_responsive website examples coursera course\node_modules\.staging\bcrypt-2f761693 is being purged from base C:\Users\Admin\Downloads\Responsive website examples-week1\week_1_responsive website examples coursera course
202 verbose gentlyRm don't care about contents; nuking C:\Users\Admin\Downloads\Responsive website examples-week1\week_1_responsive website examples coursera course\node_modules\.staging\bcrypt-2f761693
203 verbose tar unpack C:\Users\Admin\AppData\Roaming\npm-cache\bcrypt\0.8.7\package.tgz
204 verbose tar unpacking to C:\Users\Admin\Downloads\Responsive website examples-week1\week_1_responsive website examples coursera course\node_modules\.staging\bcrypt-2f761693
205 silly gentlyRm C:\Users\Admin\Downloads\Responsive website examples-week1\week_1_responsive website examples coursera course\node_modules\.staging\bcrypt-2f761693 is being purged
206 verbose gentlyRm don't care about contents; nuking C:\Users\Admin\Downloads\Responsive website examples-week1\week_1_responsive website examples coursera course\node_modules\.staging\bcrypt-2f761693
207 silly gunzTarPerm extractEntry README.md
208 silly gunzTarPerm modified mode [ 'README.md', 420, 438 ]
209 silly gunzTarPerm extractEntry bindings.js
210 silly gunzTarPerm modified mode [ 'bindings.js', 420, 438 ]
211 silly gunzTarPerm modes [ '777', '666' ]
212 silly gunzTarPerm extractEntry package.json
213 silly gunzTarPerm modified mode [ 'package.json', 436, 438 ]
214 silly gunzTarPerm extractEntry README.md
215 silly gunzTarPerm modified mode [ 'README.md', 436, 438 ]
216 silly gunzTarPerm extractEntry include_dirs.js
217 silly gunzTarPerm modified mode [ 'include_dirs.js', 436, 438 ]
218 silly gunzTarPerm extractEntry package.json
219 silly gunzTarPerm modified mode [ 'package.json', 420, 438 ]
220 silly gunzTarPerm extractEntry .npmignore
221 silly gunzTarPerm modified mode [ '.npmignore', 420, 438 ]
222 silly gunzTarPerm extractEntry README.md
223 silly gunzTarPerm modified mode [ 'README.md', 420, 438 ]
224 silly gunzTarPerm extractEntry nan_converters.h
225 silly gunzTarPerm modified mode [ 'nan_converters.h', 436, 438 ]
226 silly gunzTarPerm extractEntry LICENSE.md
227 silly gunzTarPerm modified mode [ 'LICENSE.md', 436, 438 ]
228 silly gunzTarPerm extractEntry doc/node_misc.md
229 silly gunzTarPerm modified mode [ 'doc/node_misc.md', 436, 438 ]
230 silly gunzTarPerm extractEntry doc/asyncworker.md
231 silly gunzTarPerm modified mode [ 'doc/asyncworker.md', 436, 438 ]
232 silly gunzTarPerm extractEntry LICENSE
233 silly gunzTarPerm modified mode [ 'LICENSE', 420, 438 ]
234 silly gunzTarPerm extractEntry bcrypt.js
235 silly gunzTarPerm modified mode [ 'bcrypt.js', 420, 438 ]
236 silly gunzTarPerm extractEntry Makefile
237 silly gunzTarPerm modified mode [ 'Makefile', 420, 438 ]
238 silly gunzTarPerm extractEntry .travis.yml
239 silly gunzTarPerm modified mode [ '.travis.yml', 420, 438 ]
240 silly gunzTarPerm extractEntry CHANGELOG.md
241 silly gunzTarPerm modified mode [ 'CHANGELOG.md', 420, 438 ]
242 silly gunzTarPerm extractEntry binding.gyp
243 silly gunzTarPerm modified mode [ 'binding.gyp', 420, 438 ]
244 silly gunzTarPerm extractEntry examples/async_compare.js
245 silly gunzTarPerm modified mode [ 'examples/async_compare.js', 420, 438 ]
246 silly gunzTarPerm extractEntry examples/forever_gen_salt.js
247 silly gunzTarPerm modified mode [ 'examples/forever_gen_salt.js', 420, 438 ]
248 silly gunzTarPerm extractEntry test/async.js
249 silly gunzTarPerm modified mode [ 'test/async.js', 420, 438 ]
250 silly gunzTarPerm extractEntry test/repetitions.js
251 silly gunzTarPerm modified mode [ 'test/repetitions.js', 420, 438 ]
252 silly gunzTarPerm extractEntry test/sync.js
253 silly gunzTarPerm modified mode [ 'test/sync.js', 420, 438 ]
254 silly gunzTarPerm extractEntry ISSUE_TEMPLATE.md
255 silly gunzTarPerm modified mode [ 'ISSUE_TEMPLATE.md', 420, 438 ]
256 silly gunzTarPerm extractEntry src/bcrypt.cc
257 silly gunzTarPerm modified mode [ 'src/bcrypt.cc', 420, 438 ]
258 silly gunzTarPerm extractEntry src/bcrypt_node.cc
259 silly gunzTarPerm modified mode [ 'src/bcrypt_node.cc', 420, 438 ]
260 silly gunzTarPerm extractEntry src/blowfish.cc
261 silly gunzTarPerm modified mode [ 'src/blowfish.cc', 420, 438 ]
262 silly gunzTarPerm extractEntry src/node_blf.h
263 silly gunzTarPerm modified mode [ 'src/node_blf.h', 420, 438 ]
264 silly gunzTarPerm extractEntry werker.yml
265 silly gunzTarPerm modified mode [ 'werker.yml', 420, 438 ]
266 silly gunzTarPerm extractEntry doc/callback.md
267 silly gunzTarPerm modified mode [ 'doc/callback.md', 436, 438 ]
268 silly gunzTarPerm extractEntry doc/converters.md
269 silly gunzTarPerm modified mode [ 'doc/converters.md', 436, 438 ]
270 silly gunzTarPerm extractEntry doc/errors.md
271 silly gunzTarPerm modified mode [ 'doc/errors.md', 436, 438 ]
272 silly gunzTarPerm extractEntry doc/maybe_types.md
273 silly gunzTarPerm modified mode [ 'doc/maybe_types.md', 436, 438 ]
274 silly gunzTarPerm extractEntry doc/methods.md
275 silly gunzTarPerm modified mode [ 'doc/methods.md', 436, 438 ]
276 silly gunzTarPerm extractEntry doc/new.md
277 silly gunzTarPerm modified mode [ 'doc/new.md', 436, 438 ]
278 silly gentlyRm C:\Users\Admin\Downloads\Responsive website examples-week1\week_1_responsive website examples coursera course\node_modules\.staging\bindings-76031b40\node_modules is being purged
279 verbose gentlyRm don't care about contents; nuking C:\Users\Admin\Downloads\Responsive website examples-week1\week_1_responsive website examples coursera course\node_modules\.staging\bindings-76031b40\node_modules
280 silly gunzTarPerm extractEntry doc/buffers.md
281 silly gunzTarPerm modified mode [ 'doc/buffers.md', 436, 438 ]
282 silly gunzTarPerm extractEntry doc/object_wrappers.md
283 silly gunzTarPerm modified mode [ 'doc/object_wrappers.md', 436, 438 ]
284 silly gunzTarPerm extractEntry doc/persistent.md
285 silly gunzTarPerm modified mode [ 'doc/persistent.md', 436, 438 ]
286 silly gunzTarPerm extractEntry doc/scopes.md
287 silly gunzTarPerm modified mode [ 'doc/scopes.md', 436, 438 ]
288 silly gunzTarPerm extractEntry doc/script.md
289 silly gunzTarPerm modified mode [ 'doc/script.md', 436, 438 ]
290 silly gunzTarPerm extractEntry doc/string_bytes.md
291 silly gunzTarPerm modified mode [ 'doc/string_bytes.md', 436, 438 ]
292 silly gunzTarPerm extractEntry doc/v8_internals.md
293 silly gunzTarPerm modified mode [ 'doc/v8_internals.md', 436, 438 ]
294 silly gunzTarPerm extractEntry doc/v8_misc.md
295 silly gunzTarPerm modified mode [ 'doc/v8_misc.md', 436, 438 ]
296 silly gunzTarPerm extractEntry nan.h
297 silly gunzTarPerm modified mode [ 'nan.h', 436, 438 ]
298 silly gunzTarPerm extractEntry nan_callbacks.h
299 silly gunzTarPerm modified mode [ 'nan_callbacks.h', 436, 438 ]
300 silly gunzTarPerm extractEntry nan_callbacks_12_inl.h
301 silly gunzTarPerm modified mode [ 'nan_callbacks_12_inl.h', 436, 438 ]
302 silly gunzTarPerm extractEntry nan_callbacks_pre_12_inl.h
303 silly gunzTarPerm modified mode [ 'nan_callbacks_pre_12_inl.h', 436, 438 ]
304 silly gunzTarPerm extractEntry nan_converters_43_inl.h
305 silly gunzTarPerm modified mode [ 'nan_converters_43_inl.h', 436, 438 ]
306 silly gunzTarPerm extractEntry nan_converters_pre_43_inl.h
307 silly gunzTarPerm modified mode [ 'nan_converters_pre_43_inl.h', 436, 438 ]
308 silly gunzTarPerm extractEntry nan_implementation_12_inl.h
309 silly gunzTarPerm modified mode [ 'nan_implementation_12_inl.h', 436, 438 ]
310 silly gunzTarPerm extractEntry nan_implementation_pre_12_inl.h
311 silly gunzTarPerm modified mode [ 'nan_implementation_pre_12_inl.h', 436, 438 ]
312 silly gunzTarPerm extractEntry nan_maybe_43_inl.h
313 silly gunzTarPerm modified mode [ 'nan_maybe_43_inl.h', 436, 438 ]
314 silly gunzTarPerm extractEntry nan_maybe_pre_43_inl.h
315 silly gunzTarPerm modified mode [ 'nan_maybe_pre_43_inl.h', 436, 438 ]
316 silly gunzTarPerm extractEntry nan_new.h
317 silly gunzTarPerm modified mode [ 'nan_new.h', 436, 438 ]
318 silly gunzTarPerm extractEntry nan_object_wrap.h
319 silly gunzTarPerm modified mode [ 'nan_object_wrap.h', 436, 438 ]
320 silly gunzTarPerm extractEntry nan_persistent_12_inl.h
321 silly gunzTarPerm modified mode [ 'nan_persistent_12_inl.h', 436, 438 ]
322 silly gunzTarPerm extractEntry nan_persistent_pre_12_inl.h
323 silly gunzTarPerm modified mode [ 'nan_persistent_pre_12_inl.h', 436, 438 ]
324 silly gunzTarPerm extractEntry nan_string_bytes.h
325 silly gunzTarPerm modified mode [ 'nan_string_bytes.h', 436, 438 ]
326 silly gunzTarPerm extractEntry nan_typedarray_contents.h
327 silly gunzTarPerm modified mode [ 'nan_typedarray_contents.h', 436, 438 ]
328 silly gunzTarPerm extractEntry nan_weak.h
329 silly gunzTarPerm modified mode [ 'nan_weak.h', 436, 438 ]
330 silly gunzTarPerm extractEntry CHANGELOG.md
331 silly gunzTarPerm modified mode [ 'CHANGELOG.md', 436, 438 ]
332 silly gunzTarPerm extractEntry tools/package.json
333 silly gunzTarPerm modified mode [ 'tools/package.json', 436, 438 ]
334 silly gunzTarPerm extractEntry tools/README.md
335 silly gunzTarPerm modified mode [ 'tools/README.md', 436, 438 ]
336 silly gunzTarPerm extractEntry tools/1to2.js
337 silly gunzTarPerm modified mode [ 'tools/1to2.js', 509, 511 ]
338 silly gentlyRm C:\Users\Admin\Downloads\Responsive website examples-week1\week_1_responsive website examples coursera course\node_modules\.staging\bcrypt-2f761693\node_modules is being purged
339 verbose gentlyRm don't care about contents; nuking C:\Users\Admin\Downloads\Responsive website examples-week1\week_1_responsive website examples coursera course\node_modules\.staging\bcrypt-2f761693\node_modules
340 silly gentlyRm C:\Users\Admin\Downloads\Responsive website examples-week1\week_1_responsive website examples coursera course\node_modules\.staging\nan-a45cf8d3\node_modules is being purged
341 verbose gentlyRm don't care about contents; nuking C:\Users\Admin\Downloads\Responsive website examples-week1\week_1_responsive website examples coursera course\node_modules\.staging\nan-a45cf8d3\node_modules
342 silly doParallel preinstall 3
343 silly preinstall bindings@1.2.1 C:\Users\Admin\Downloads\Responsive website examples-week1\week_1_responsive website examples coursera course\node_modules\.staging\bindings-76031b40
344 info lifecycle bindings@1.2.1~preinstall: bindings@1.2.1
345 silly preinstall nan@2.3.5 C:\Users\Admin\Downloads\Responsive website examples-week1\week_1_responsive website examples coursera course\node_modules\.staging\nan-a45cf8d3
346 info lifecycle nan@2.3.5~preinstall: nan@2.3.5
347 silly preinstall bcrypt@0.8.7 C:\Users\Admin\Downloads\Responsive website examples-week1\week_1_responsive website examples coursera course\node_modules\.staging\bcrypt-2f761693
348 info lifecycle bcrypt@0.8.7~preinstall: bcrypt@0.8.7
349 silly lifecycle bindings@1.2.1~preinstall: no script for preinstall, continuing
350 silly lifecycle nan@2.3.5~preinstall: no script for preinstall, continuing
351 silly lifecycle bcrypt@0.8.7~preinstall: no script for preinstall, continuing
352 silly doReverseSerial remove 0
353 silly doSerial move 0
354 silly doSerial finalize 3
355 silly finalize C:\Users\Admin\Downloads\Responsive website examples-week1\week_1_responsive website examples coursera course\node_modules\bindings
356 silly finalize C:\Users\Admin\Downloads\Responsive website examples-week1\week_1_responsive website examples coursera course\node_modules\nan
357 silly finalize C:\Users\Admin\Downloads\Responsive website examples-week1\week_1_responsive website examples coursera course\node_modules\bcrypt
358 silly doSerial build 3
359 silly build bindings@1.2.1
360 info linkStuff bindings@1.2.1
361 silly linkStuff bindings@1.2.1 has C:\Users\Admin\Downloads\Responsive website examples-week1\week_1_responsive website examples coursera course\node_modules as its parent node_modules
362 verbose linkBins bindings@1.2.1
363 verbose linkMans bindings@1.2.1
364 silly build nan@2.3.5
365 info linkStuff nan@2.3.5
366 silly linkStuff nan@2.3.5 has C:\Users\Admin\Downloads\Responsive website examples-week1\week_1_responsive website examples coursera course\node_modules as its parent node_modules
367 verbose linkBins nan@2.3.5
368 verbose linkMans nan@2.3.5
369 silly build bcrypt@0.8.7
370 info linkStuff bcrypt@0.8.7
371 silly linkStuff bcrypt@0.8.7 has C:\Users\Admin\Downloads\Responsive website examples-week1\week_1_responsive website examples coursera course\node_modules as its parent node_modules
372 verbose linkBins bcrypt@0.8.7
373 verbose linkMans bcrypt@0.8.7
374 silly doSerial global-link 0
375 silly doParallel update-linked 0
376 silly doSerial install 3
377 silly install bindings@1.2.1 C:\Users\Admin\Downloads\Responsive website examples-week1\week_1_responsive website examples coursera course\node_modules\.staging\bindings-76031b40
378 info lifecycle bindings@1.2.1~install: bindings@1.2.1
379 silly lifecycle bindings@1.2.1~install: no script for install, continuing
380 silly install nan@2.3.5 C:\Users\Admin\Downloads\Responsive website examples-week1\week_1_responsive website examples coursera course\node_modules\.staging\nan-a45cf8d3
381 info lifecycle nan@2.3.5~install: nan@2.3.5
382 silly lifecycle nan@2.3.5~install: no script for install, continuing
383 silly install bcrypt@0.8.7 C:\Users\Admin\Downloads\Responsive website examples-week1\week_1_responsive website examples coursera course\node_modules\.staging\bcrypt-2f761693
384 info lifecycle bcrypt@0.8.7~install: bcrypt@0.8.7
385 verbose lifecycle bcrypt@0.8.7~install: unsafe-perm in lifecycle true
386 verbose lifecycle bcrypt@0.8.7~install: PATH: C:\Users\Admin\AppData\Local\.meteor\packages\meteor-tool\1.4.2_3\mt-os.windows.x86_32\dev_bundle\lib\node_modules\npm\bin\node-gyp-bin;C:\Users\Admin\Downloads\Responsive website examples-week1\week_1_responsive website examples coursera course\node_modules\bcrypt\node_modules\.bin;C:\Users\Admin\Downloads\Responsive website examples-week1\week_1_responsive website examples coursera course\node_modules\.bin;C:\Users\Admin\AppData\Local\.meteor\packages\meteor-tool\1.4.2_3\mt-os.windows.x86_32\dev_bundle\bin;C:\Users\Admin\AppData\Local\.meteor\packages\meteor-tool\1.4.2_3\mt-os.windows.x86_32;C:\Users\Admin\AppData\Local\.meteor\packages\meteor-tool\1.4.2_3\mt-os.windows.x86_32\dev_bundle\lib\node_modules\.bin;C:\Python310\Scripts\;C:\Python310\;C:\Program Files\Common Files\Oracle\Java\javapath;C:\Program Files (x86)\Common Files\Oracle\Java\javapath;C:\WINDOWS\system32;C:\WINDOWS;C:\WINDOWS\System32\Wbem;C:\WINDOWS\System32\WindowsPowerShell\v1.0\;C:\WINDOWS\System32\OpenSSH\;C:\Program Files\Git\cmd;C:\ProgramData\chocolatey\bin;C:\Program Files (x86)\Yarn\bin\;C:\Program Files\Java\jre1.8.0_261\bin;C:\Program Files\Java\jdk-16\bin;C:\opscode\inspec\bin\;C:\ProgramData\ComposerSetup\bin;C:\Python27;C:\Users\Admin\AppData\Local\Packages\PythonSoftwareFoundation.Python.3.9_qbz5n2kfra8p0\LocalCache\local-packages\Python39\Scripts;C:\Program Files\Go\bin;C:\Program Files\mingw-w64\x86_64-8.1.0-posix-seh-rt_v6-rev0\mingw64\bin;C:\HashiCorp\Vagrant\bin;C:\Program Files\dotnet\;C:\Users\Admin\AppData\Roaming\nvm;C:\Program Files\nodejs;C:\Program Files\MongoDB\Tools\100\bin;C:\Program Files\erl-24.1.4\;C:\Users\Admin\AppData\Local\Google\Cloud SDK\google-cloud-sdk;C:\Python310\Lib\site-packages;C:\Ruby27-x64\bin;C:\Users\Admin\AppData\Local\Microsoft\WindowsApps;C:\Users\Admin\AppData\Local\.meteor;C:\Users\Admin\AppData\Local\Yarn\bin;C:\Users\Admin\AppData\Roaming\Composer\vendor\bin;C:\Users\Admin\go\bin;C:\Program Files\MongoDB\Server\4.4\bin;C:\Program Files\mingw-w64;C:\Users\Admin\.dotnet\tools;C:\Program Files\dotnet;C:\Users\Admin\AppData\Roaming\nvm;C:\Program Files\nodejs;C:\Users\Admin\AppData\Local\Programs\Microsoft VS Code\bin;C:\Program Files\erl-24.1.4\;C:\xampp\php;C:\Users\Admin\AppData\Local\Google\Cloud SDK\google-cloud-sdk\;search-ms:displayname=Résultats%20de%20la%20recherche%20dans%20Téléchargements&crumb=location:C%3A%5CUsers%5CAdmin%5CDownloads\node-dig-dns;C:\Python310\Lib\site-packages;
387 verbose lifecycle bcrypt@0.8.7~install: CWD: C:\Users\Admin\Downloads\Responsive website examples-week1\week_1_responsive website examples coursera course\node_modules\bcrypt
388 silly lifecycle bcrypt@0.8.7~install: Args: [ '/d /s /c', 'node-gyp rebuild' ]
389 silly lifecycle bcrypt@0.8.7~install: Returned: code: 1  signal: null
390 info lifecycle bcrypt@0.8.7~install: Failed to exec install script
391 verbose unlock done using C:\Users\Admin\AppData\Roaming\npm-cache\_locks\staging-92fded0aec9eec70.lock for C:\Users\Admin\Downloads\Responsive website examples-week1\week_1_responsive website examples coursera course\node_modules\.staging
392 silly rollbackFailedOptional Starting
393 silly rollbackFailedOptional Finishing
394 silly runTopLevelLifecycles Finishing
395 silly install printInstalled
396 warn week_1_portfolio_website@1.0.0 No repository field.
397 verbose If you need help, you may report this error at:
397 verbose     <https://github.com/npm/npm/issues>
398 verbose stack Error: bcrypt@0.8.7 install: `node-gyp rebuild`
398 verbose stack Exit status 1
398 verbose stack     at EventEmitter.<anonymous> (C:\Users\Admin\AppData\Local\.meteor\packages\meteor-tool\1.4.2_3\mt-os.windows.x86_32\dev_bundle\lib\node_modules\npm\lib\utils\lifecycle.js:255:16)
398 verbose stack     at emitTwo (events.js:87:13)
398 verbose stack     at EventEmitter.emit (events.js:172:7)
398 verbose stack     at ChildProcess.<anonymous> (C:\Users\Admin\AppData\Local\.meteor\packages\meteor-tool\1.4.2_3\mt-os.windows.x86_32\dev_bundle\lib\node_modules\npm\lib\utils\spawn.js:40:14)
398 verbose stack     at emitTwo (events.js:87:13)
398 verbose stack     at ChildProcess.emit (events.js:172:7)
398 verbose stack     at maybeClose (internal/child_process.js:854:16)
398 verbose stack     at Process.ChildProcess._handle.onexit (internal/child_process.js:222:5)
399 verbose pkgid bcrypt@0.8.7
400 verbose cwd C:\Users\Admin\Downloads\Responsive website examples-week1\week_1_responsive website examples coursera course
401 error Windows_NT 10.0.19043
402 error argv "C:\\Users\\Admin\\AppData\\Local\\.meteor\\packages\\meteor-tool\\1.4.2_3\\mt-os.windows.x86_32\\dev_bundle\\bin\\node.exe" "C:\\Users\\Admin\\AppData\\Local\\.meteor\\packages\\meteor-tool\\1.4.2_3\\mt-os.windows.x86_32\\dev_bundle\\lib\\node_modules\\npm\\bin\\npm-cli.js" "install"
403 error node v4.6.2
404 error npm  v3.10.9
405 error code ELIFECYCLE
406 error bcrypt@0.8.7 install: `node-gyp rebuild`
406 error Exit status 1
407 error Failed at the bcrypt@0.8.7 install script 'node-gyp rebuild'.
407 error Make sure you have the latest version of node.js and npm installed.
407 error If you do, this is most likely a problem with the bcrypt package,
407 error not with npm itself.
407 error Tell the author that this fails on your system:
407 error     node-gyp rebuild
407 error You can get information on how to open an issue for this project with:
407 error     npm bugs bcrypt
407 error Or if that isn't available, you can get their info via:
407 error     npm owner ls bcrypt
407 error There is likely additional logging output above.
408 verbose exit [ 1, true ]
